[INFO  - 2017-10-26T02:40:10.942Z] GhostDriver - Main - running on port 27698
[INFO  - 2017-10-26T02:40:11.401Z] Session [fce3cb50-b9f6-11e7-9e4d-ab7d55985cb8] - page.settings - {"XSSAuditingEnabled":false,"javascriptCanCloseWindows":true,"javascriptCanOpenWindows":true,"javascriptEnabled":true,"loadImages":true,"localToRemoteUrlAccessEnabled":false,"userAgent":"Mozilla/5.0 (Linux; Android 5.1.1; Nexus 6 Build/LYZ28E) AppleWebKit/537.36 (KHTML, like Gecko)","webSecurityEnabled":true}
[INFO  - 2017-10-26T02:40:11.401Z] Session [fce3cb50-b9f6-11e7-9e4d-ab7d55985cb8] - page.customHeaders:  - {}
[INFO  - 2017-10-26T02:40:11.401Z] Session [fce3cb50-b9f6-11e7-9e4d-ab7d55985cb8] - Session.negotiatedCapabilities - {"browserName":"phantomjs","version":"2.1.1","driverName":"ghostdriver","driverVersion":"1.2.0","platform":"windows-7-32bit","javascriptEnabled":true,"takesScreenshot":true,"handlesAlerts":false,"databaseEnabled":false,"locationContextEnabled":false,"applicationCacheEnabled":false,"browserConnectionEnabled":false,"cssSelectorsEnabled":true,"webStorageEnabled":false,"rotatable":false,"acceptSslCerts":false,"nativeEvents":true,"proxy":{"proxyType":"direct"},"phantomjs.page.settings.userAgent":"Mozilla/5.0 (Linux; Android 5.1.1; Nexus 6 Build/LYZ28E) AppleWebKit/537.36 (KHTML, like Gecko)"}
[INFO  - 2017-10-26T02:40:11.402Z] SessionManagerReqHand - _postNewSessionCommand - New Session Created: fce3cb50-b9f6-11e7-9e4d-ab7d55985cb8
[ERROR - 2017-10-26T02:44:21.137Z] Session [fce3cb50-b9f6-11e7-9e4d-ab7d55985cb8] - page.onError - msg: TypeError: undefined is not a constructor (evaluating 'vr')

  phantomjs://platform/console++.js:263 in error
[ERROR - 2017-10-26T02:44:21.137Z] Session [fce3cb50-b9f6-11e7-9e4d-ab7d55985cb8] - page.onError - stack:
  (anonymous function) (http://m.sogo.com/web/searchList.jsp?uID=V5npvumGTk-3uIl0&v=5&dp=1&w=1278&t=1508233127824&s_t=1508233130135&s_from=result_up&htprequery=c&keyword=%E5%86%85%E8%A3%A4&forceProtocol=http:481)
  execCb (http://m.sogo.com/js/common/require.min.v2.1.20.js:1)
  check (http://m.sogo.com/js/common/require.min.v2.1.20.js:1)
  (anonymous function) (http://m.sogo.com/js/common/require.min.v2.1.20.js:1)
  (anonymous function) (http://m.sogo.com/js/common/require.min.v2.1.20.js:1)
  (anonymous function) (http://m.sogo.com/js/common/require.min.v2.1.20.js:1)
  v (http://m.sogo.com/js/common/require.min.v2.1.20.js:1)
  emit (http://m.sogo.com/js/common/require.min.v2.1.20.js:1)
  check (http://m.sogo.com/js/common/require.min.v2.1.20.js:1)
  enable (http://m.sogo.com/js/common/require.min.v2.1.20.js:1)
  init (http://m.sogo.com/js/common/require.min.v2.1.20.js:1)
  p (http://m.sogo.com/js/common/require.min.v2.1.20.js:1)
  completeLoad (http://m.sogo.com/js/common/require.min.v2.1.20.js:1)
  onScriptLoad (http://m.sogo.com/js/common/require.min.v2.1.20.js:1)

  phantomjs://platform/console++.js:263 in error
[ERROR - 2017-10-26T02:44:27.982Z] Session [fce3cb50-b9f6-11e7-9e4d-ab7d55985cb8] - page.onError - msg: TypeError: undefined is not a constructor (evaluating 'vr')

  phantomjs://platform/console++.js:263 in error
[ERROR - 2017-10-26T02:44:27.982Z] Session [fce3cb50-b9f6-11e7-9e4d-ab7d55985cb8] - page.onError - stack:
  (anonymous function) (http://m.sogo.com/web/searchList.jsp?uID=V5npvumGTk-3uIl0&v=5&dp=1&w=1278&t=1508233127824&s_t=1508233130135&s_from=result_up&htprequery=c&keyword=6029&forceProtocol=http:102)
  execCb (http://m.sogo.com/js/common/require.min.v2.1.20.js:1)
  check (http://m.sogo.com/js/common/require.min.v2.1.20.js:1)
  (anonymous function) (http://m.sogo.com/js/common/require.min.v2.1.20.js:1)
  (anonymous function) (http://m.sogo.com/js/common/require.min.v2.1.20.js:1)
  (anonymous function) (http://m.sogo.com/js/common/require.min.v2.1.20.js:1)
  v (http://m.sogo.com/js/common/require.min.v2.1.20.js:1)
  emit (http://m.sogo.com/js/common/require.min.v2.1.20.js:1)
  check (http://m.sogo.com/js/common/require.min.v2.1.20.js:1)
  enable (http://m.sogo.com/js/common/require.min.v2.1.20.js:1)
  init (http://m.sogo.com/js/common/require.min.v2.1.20.js:1)
  p (http://m.sogo.com/js/common/require.min.v2.1.20.js:1)
  completeLoad (http://m.sogo.com/js/common/require.min.v2.1.20.js:1)
  onScriptLoad (http://m.sogo.com/js/common/require.min.v2.1.20.js:1)

  phantomjs://platform/console++.js:263 in error
[ERROR - 2017-10-26T02:44:33.626Z] Session [fce3cb50-b9f6-11e7-9e4d-ab7d55985cb8] - page.onError - msg: TypeError: undefined is not a constructor (evaluating 'vr')

  phantomjs://platform/console++.js:263 in error
[ERROR - 2017-10-26T02:44:33.626Z] Session [fce3cb50-b9f6-11e7-9e4d-ab7d55985cb8] - page.onError - stack:
  (anonymous function) (http://m.sogo.com/web/searchList.jsp?uID=V5npvumGTk-3uIl0&v=5&dp=1&w=1278&t=1508233127824&s_t=1508233130135&s_from=result_up&htprequery=c&keyword=%E5%B0%91%E5%A5%B3%E6%BD%98%E9%87%91%E8%8E%B2&forceProtocol=http:289)
  execCb (http://m.sogo.com/js/common/require.min.v2.1.20.js:1)
  check (http://m.sogo.com/js/common/require.min.v2.1.20.js:1)
  (anonymous function) (http://m.sogo.com/js/common/require.min.v2.1.20.js:1)
  (anonymous function) (http://m.sogo.com/js/common/require.min.v2.1.20.js:1)
  (anonymous function) (http://m.sogo.com/js/common/require.min.v2.1.20.js:1)
  v (http://m.sogo.com/js/common/require.min.v2.1.20.js:1)
  emit (http://m.sogo.com/js/common/require.min.v2.1.20.js:1)
  check (http://m.sogo.com/js/common/require.min.v2.1.20.js:1)
  enable (http://m.sogo.com/js/common/require.min.v2.1.20.js:1)
  init (http://m.sogo.com/js/common/require.min.v2.1.20.js:1)
  p (http://m.sogo.com/js/common/require.min.v2.1.20.js:1)
  completeLoad (http://m.sogo.com/js/common/require.min.v2.1.20.js:1)
  onScriptLoad (http://m.sogo.com/js/common/require.min.v2.1.20.js:1)

  phantomjs://platform/console++.js:263 in error
[ERROR - 2017-10-26T02:44:40.546Z] Session [fce3cb50-b9f6-11e7-9e4d-ab7d55985cb8] - page.onError - msg: TypeError: undefined is not a constructor (evaluating 'vr')

  phantomjs://platform/console++.js:263 in error
[ERROR - 2017-10-26T02:44:40.546Z] Session [fce3cb50-b9f6-11e7-9e4d-ab7d55985cb8] - page.onError - stack:
  (anonymous function) (http://m.sogo.com/web/searchList.jsp?uID=V5npvumGTk-3uIl0&v=5&dp=1&w=1278&t=1508233127824&s_t=1508233130135&s_from=result_up&htprequery=c&keyword=%E9%82%AA%E6%81%B6%E5%8A%A8%E6%80%81%E5%9B%BE&forceProtocol=http:156)
  execCb (http://m.sogo.com/js/common/require.min.v2.1.20.js:1)
  check (http://m.sogo.com/js/common/require.min.v2.1.20.js:1)
  (anonymous function) (http://m.sogo.com/js/common/require.min.v2.1.20.js:1)
  (anonymous function) (http://m.sogo.com/js/common/require.min.v2.1.20.js:1)
  (anonymous function) (http://m.sogo.com/js/common/require.min.v2.1.20.js:1)
  v (http://m.sogo.com/js/common/require.min.v2.1.20.js:1)
  emit (http://m.sogo.com/js/common/require.min.v2.1.20.js:1)
  check (http://m.sogo.com/js/common/require.min.v2.1.20.js:1)
  enable (http://m.sogo.com/js/common/require.min.v2.1.20.js:1)
  init (http://m.sogo.com/js/common/require.min.v2.1.20.js:1)
  p (http://m.sogo.com/js/common/require.min.v2.1.20.js:1)
  completeLoad (http://m.sogo.com/js/common/require.min.v2.1.20.js:1)
  onScriptLoad (http://m.sogo.com/js/common/require.min.v2.1.20.js:1)

  phantomjs://platform/console++.js:263 in error
[ERROR - 2017-10-26T02:44:42.887Z] Session [fce3cb50-b9f6-11e7-9e4d-ab7d55985cb8] - page.onError - msg: TypeError: undefined is not a constructor (evaluating 'vr')

  phantomjs://platform/console++.js:263 in error
[ERROR - 2017-10-26T02:44:42.887Z] Session [fce3cb50-b9f6-11e7-9e4d-ab7d55985cb8] - page.onError - stack:
  (anonymous function) (http://m.sogo.com/web/searchList.jsp?uID=V5npvumGTk-3uIl0&v=5&dp=1&w=1278&t=1508233127824&s_t=1508233130135&s_from=result_up&htprequery=c&keyword=%E9%82%AA%E6%81%B6%E5%8A%A8%E6%80%81%E5%9B%BE&forceProtocol=http:156)
  execCb (http://m.sogo.com/js/common/require.min.v2.1.20.js:1)
  check (http://m.sogo.com/js/common/require.min.v2.1.20.js:1)
  (anonymous function) (http://m.sogo.com/js/common/require.min.v2.1.20.js:1)
  (anonymous function) (http://m.sogo.com/js/common/require.min.v2.1.20.js:1)
  (anonymous function) (http://m.sogo.com/js/common/require.min.v2.1.20.js:1)
  v (http://m.sogo.com/js/common/require.min.v2.1.20.js:1)
  emit (http://m.sogo.com/js/common/require.min.v2.1.20.js:1)
  check (http://m.sogo.com/js/common/require.min.v2.1.20.js:1)
  enable (http://m.sogo.com/js/common/require.min.v2.1.20.js:1)
  init (http://m.sogo.com/js/common/require.min.v2.1.20.js:1)
  p (http://m.sogo.com/js/common/require.min.v2.1.20.js:1)
  completeLoad (http://m.sogo.com/js/common/require.min.v2.1.20.js:1)
  onScriptLoad (http://m.sogo.com/js/common/require.min.v2.1.20.js:1)

  phantomjs://platform/console++.js:263 in error
[INFO  - 2017-10-26T02:45:10.969Z] SessionManagerReqHand - _cleanupWindowlessSessions - Asynchronous Sessions clean-up phase starting NOW
[ERROR - 2017-10-26T02:45:34.189Z] Session [fce3cb50-b9f6-11e7-9e4d-ab7d55985cb8] - page.onError - msg: InvalidStateError: DOM Exception 11: An attempt was made to use an object that is not, or is no longer, usable.

  phantomjs://platform/console++.js:263 in error
[ERROR - 2017-10-26T02:45:34.189Z] Session [fce3cb50-b9f6-11e7-9e4d-ab7d55985cb8] - page.onError - stack:
  renderDataTable (http://dlweb.sogoucdn.com/common/widget/wapvr/datePickerCal.js?v=170922a:2)
  init (http://dlweb.sogoucdn.com/common/widget/wapvr/datePickerCal.js?v=170922a:2)
  showDate (http://10.134.81.191/cdn_wap_dev/js/70067202.js:412)
  init (http://10.134.81.191/cdn_wap_dev/js/70067202.js:290)
  init (http://10.134.81.191/cdn_wap_dev/js/70067202.js:91)
  (anonymous function) (http://10.134.81.191/cdn_wap_dev/js/70067202.js:1183)

  phantomjs://platform/console++.js:263 in error
[ERROR - 2017-10-26T02:45:36.710Z] Session [fce3cb50-b9f6-11e7-9e4d-ab7d55985cb8] - page.onError - msg: InvalidStateError: DOM Exception 11: An attempt was made to use an object that is not, or is no longer, usable.

  phantomjs://platform/console++.js:263 in error
[ERROR - 2017-10-26T02:45:36.711Z] Session [fce3cb50-b9f6-11e7-9e4d-ab7d55985cb8] - page.onError - stack:
  renderDataTable (http://dlweb.sogoucdn.com/common/widget/wapvr/datePickerCal.js?v=170922a:2)
  init (http://dlweb.sogoucdn.com/common/widget/wapvr/datePickerCal.js?v=170922a:2)
  showDate (http://10.134.81.191/cdn_wap_dev/js/70067202.js:412)
  init (http://10.134.81.191/cdn_wap_dev/js/70067202.js:290)
  init (http://10.134.81.191/cdn_wap_dev/js/70067202.js:91)
  (anonymous function) (http://10.134.81.191/cdn_wap_dev/js/70067202.js:1183)

  phantomjs://platform/console++.js:263 in error
[ERROR - 2017-10-26T02:46:25.003Z] Session [fce3cb50-b9f6-11e7-9e4d-ab7d55985cb8] - page.onError - msg: InvalidStateError: DOM Exception 11: An attempt was made to use an object that is not, or is no longer, usable.

  phantomjs://platform/console++.js:263 in error
[ERROR - 2017-10-26T02:46:25.003Z] Session [fce3cb50-b9f6-11e7-9e4d-ab7d55985cb8] - page.onError - stack:
  renderDataTable (http://dlweb.sogoucdn.com/common/widget/wapvr/datePickerCal.js?v=170922a:2)
  init (http://dlweb.sogoucdn.com/common/widget/wapvr/datePickerCal.js?v=170922a:2)
  showDate (http://10.134.81.191/cdn_wap_dev/js/70067202.js:412)
  init (http://10.134.81.191/cdn_wap_dev/js/70067202.js:290)
  init (http://10.134.81.191/cdn_wap_dev/js/70067202.js:91)
  (anonymous function) (http://10.134.81.191/cdn_wap_dev/js/70067202.js:1183)

  phantomjs://platform/console++.js:263 in error
[ERROR - 2017-10-26T02:46:27.471Z] Session [fce3cb50-b9f6-11e7-9e4d-ab7d55985cb8] - page.onError - msg: InvalidStateError: DOM Exception 11: An attempt was made to use an object that is not, or is no longer, usable.

  phantomjs://platform/console++.js:263 in error
[ERROR - 2017-10-26T02:46:27.471Z] Session [fce3cb50-b9f6-11e7-9e4d-ab7d55985cb8] - page.onError - stack:
  renderDataTable (http://dlweb.sogoucdn.com/common/widget/wapvr/datePickerCal.js?v=170922a:2)
  init (http://dlweb.sogoucdn.com/common/widget/wapvr/datePickerCal.js?v=170922a:2)
  showDate (http://10.134.81.191/cdn_wap_dev/js/70067202.js:412)
  init (http://10.134.81.191/cdn_wap_dev/js/70067202.js:290)
  init (http://10.134.81.191/cdn_wap_dev/js/70067202.js:91)
  (anonymous function) (http://10.134.81.191/cdn_wap_dev/js/70067202.js:1183)

  phantomjs://platform/console++.js:263 in error
[ERROR - 2017-10-26T02:48:44.038Z] Session [fce3cb50-b9f6-11e7-9e4d-ab7d55985cb8] - page.onError - msg: TypeError: undefined is not a constructor (evaluating 'vr')

  phantomjs://platform/console++.js:263 in error
[ERROR - 2017-10-26T02:48:44.038Z] Session [fce3cb50-b9f6-11e7-9e4d-ab7d55985cb8] - page.onError - stack:
  (anonymous function) (http://m.sogo.com/web/searchList.jsp?uID=V5npvumGTk-3uIl0&v=5&dp=1&w=1278&t=1508233127824&s_t=1508233130135&s_from=result_up&htprequery=c&keyword=97&forceProtocol=http:111)
  execCb (http://m.sogo.com/js/common/require.min.v2.1.20.js:1)
  check (http://m.sogo.com/js/common/require.min.v2.1.20.js:1)
  (anonymous function) (http://m.sogo.com/js/common/require.min.v2.1.20.js:1)
  (anonymous function) (http://m.sogo.com/js/common/require.min.v2.1.20.js:1)
  (anonymous function) (http://m.sogo.com/js/common/require.min.v2.1.20.js:1)
  v (http://m.sogo.com/js/common/require.min.v2.1.20.js:1)
  emit (http://m.sogo.com/js/common/require.min.v2.1.20.js:1)
  check (http://m.sogo.com/js/common/require.min.v2.1.20.js:1)
  enable (http://m.sogo.com/js/common/require.min.v2.1.20.js:1)
  init (http://m.sogo.com/js/common/require.min.v2.1.20.js:1)
  p (http://m.sogo.com/js/common/require.min.v2.1.20.js:1)
  completeLoad (http://m.sogo.com/js/common/require.min.v2.1.20.js:1)
  onScriptLoad (http://m.sogo.com/js/common/require.min.v2.1.20.js:1)

  phantomjs://platform/console++.js:263 in error
[ERROR - 2017-10-26T02:48:46.456Z] Session [fce3cb50-b9f6-11e7-9e4d-ab7d55985cb8] - page.onError - msg: TypeError: undefined is not a constructor (evaluating 'vr')

  phantomjs://platform/console++.js:263 in error
[ERROR - 2017-10-26T02:48:46.456Z] Session [fce3cb50-b9f6-11e7-9e4d-ab7d55985cb8] - page.onError - stack:
  (anonymous function) (http://m.sogo.com/web/searchList.jsp?uID=V5npvumGTk-3uIl0&v=5&dp=1&w=1278&t=1508233127824&s_t=1508233130135&s_from=result_up&htprequery=c&keyword=97&forceProtocol=http:111)
  execCb (http://m.sogo.com/js/common/require.min.v2.1.20.js:1)
  check (http://m.sogo.com/js/common/require.min.v2.1.20.js:1)
  (anonymous function) (http://m.sogo.com/js/common/require.min.v2.1.20.js:1)
  (anonymous function) (http://m.sogo.com/js/common/require.min.v2.1.20.js:1)
  (anonymous function) (http://m.sogo.com/js/common/require.min.v2.1.20.js:1)
  v (http://m.sogo.com/js/common/require.min.v2.1.20.js:1)
  emit (http://m.sogo.com/js/common/require.min.v2.1.20.js:1)
  check (http://m.sogo.com/js/common/require.min.v2.1.20.js:1)
  enable (http://m.sogo.com/js/common/require.min.v2.1.20.js:1)
  init (http://m.sogo.com/js/common/require.min.v2.1.20.js:1)
  p (http://m.sogo.com/js/common/require.min.v2.1.20.js:1)
  completeLoad (http://m.sogo.com/js/common/require.min.v2.1.20.js:1)
  onScriptLoad (http://m.sogo.com/js/common/require.min.v2.1.20.js:1)

  phantomjs://platform/console++.js:263 in error
[INFO  - 2017-10-26T02:50:11.000Z] SessionManagerReqHand - _cleanupWindowlessSessions - Asynchronous Sessions clean-up phase starting NOW
[ERROR - 2017-10-26T02:53:39.492Z] Session [fce3cb50-b9f6-11e7-9e4d-ab7d55985cb8] - page.onError - msg: TypeError: undefined is not an object (evaluating 'tips.attr("data-p").split')

  phantomjs://platform/console++.js:263 in error
[ERROR - 2017-10-26T02:53:39.492Z] Session [fce3cb50-b9f6-11e7-9e4d-ab7d55985cb8] - page.onError - stack:
  hasCity (http://10.134.81.191/cdn_wap_dev/js/70124400.js:290)
  init (http://10.134.81.191/cdn_wap_dev/js/70124400.js:150)
  (anonymous function) (http://10.134.81.191/cdn_wap_dev/js/70124400.js:941)

  phantomjs://platform/console++.js:263 in error
[ERROR - 2017-10-26T02:53:41.422Z] Session [fce3cb50-b9f6-11e7-9e4d-ab7d55985cb8] - page.onError - msg: TypeError: undefined is not an object (evaluating 'tips.attr("data-p").split')

  phantomjs://platform/console++.js:263 in error
[ERROR - 2017-10-26T02:53:41.422Z] Session [fce3cb50-b9f6-11e7-9e4d-ab7d55985cb8] - page.onError - stack:
  hasCity (http://10.134.81.191/cdn_wap_dev/js/70124400.js:290)
  init (http://10.134.81.191/cdn_wap_dev/js/70124400.js:150)
  (anonymous function) (http://10.134.81.191/cdn_wap_dev/js/70124400.js:941)

  phantomjs://platform/console++.js:263 in error
[ERROR - 2017-10-26T02:53:53.413Z] Session [fce3cb50-b9f6-11e7-9e4d-ab7d55985cb8] - page.onError - msg: TypeError: undefined is not an object (evaluating 'vrQuery.split')

  phantomjs://platform/console++.js:263 in error
[ERROR - 2017-10-26T02:53:53.413Z] Session [fce3cb50-b9f6-11e7-9e4d-ab7d55985cb8] - page.onError - stack:
  init (http://10.134.81.191/cdn_wap_dev/js/70094700.js:20)
  (anonymous function) (http://10.134.81.191/cdn_wap_dev/js/70094700.js:344)

  phantomjs://platform/console++.js:263 in error
[ERROR - 2017-10-26T02:53:55.795Z] Session [fce3cb50-b9f6-11e7-9e4d-ab7d55985cb8] - page.onError - msg: TypeError: undefined is not an object (evaluating 'vrQuery.split')

  phantomjs://platform/console++.js:263 in error
[ERROR - 2017-10-26T02:53:55.795Z] Session [fce3cb50-b9f6-11e7-9e4d-ab7d55985cb8] - page.onError - stack:
  init (http://10.134.81.191/cdn_wap_dev/js/70094700.js:20)
  (anonymous function) (http://10.134.81.191/cdn_wap_dev/js/70094700.js:344)

  phantomjs://platform/console++.js:263 in error
[ERROR - 2017-10-26T02:54:56.589Z] Session [fce3cb50-b9f6-11e7-9e4d-ab7d55985cb8] - page.onError - msg: TypeError: undefined is not a constructor (evaluating 'vr')

  phantomjs://platform/console++.js:263 in error
[ERROR - 2017-10-26T02:54:56.589Z] Session [fce3cb50-b9f6-11e7-9e4d-ab7d55985cb8] - page.onError - stack:
  (anonymous function) (http://m.sogo.com/web/searchList.jsp?uID=V5npvumGTk-3uIl0&v=5&dp=1&w=1278&t=1508233127824&s_t=1508233130135&s_from=result_up&htprequery=c&keyword=%E8%A3%B8%E6%A8%A1&forceProtocol=http:464)
  execCb (http://m.sogo.com/js/common/require.min.v2.1.20.js:1)
  check (http://m.sogo.com/js/common/require.min.v2.1.20.js:1)
  (anonymous function) (http://m.sogo.com/js/common/require.min.v2.1.20.js:1)
  (anonymous function) (http://m.sogo.com/js/common/require.min.v2.1.20.js:1)
  (anonymous function) (http://m.sogo.com/js/common/require.min.v2.1.20.js:1)
  v (http://m.sogo.com/js/common/require.min.v2.1.20.js:1)
  emit (http://m.sogo.com/js/common/require.min.v2.1.20.js:1)
  check (http://m.sogo.com/js/common/require.min.v2.1.20.js:1)
  enable (http://m.sogo.com/js/common/require.min.v2.1.20.js:1)
  init (http://m.sogo.com/js/common/require.min.v2.1.20.js:1)
  p (http://m.sogo.com/js/common/require.min.v2.1.20.js:1)
  completeLoad (http://m.sogo.com/js/common/require.min.v2.1.20.js:1)
  onScriptLoad (http://m.sogo.com/js/common/require.min.v2.1.20.js:1)

  phantomjs://platform/console++.js:263 in error
[INFO  - 2017-10-26T02:55:11.033Z] SessionManagerReqHand - _cleanupWindowlessSessions - Asynchronous Sessions clean-up phase starting NOW
[ERROR - 2017-10-26T02:55:21.720Z] Session [fce3cb50-b9f6-11e7-9e4d-ab7d55985cb8] - page.onError - msg: TypeError: undefined is not a constructor (evaluating 'vr')

  phantomjs://platform/console++.js:263 in error
[ERROR - 2017-10-26T02:55:21.720Z] Session [fce3cb50-b9f6-11e7-9e4d-ab7d55985cb8] - page.onError - stack:
  (anonymous function) (http://m.sogo.com/web/searchList.jsp?uID=V5npvumGTk-3uIl0&v=5&dp=1&w=1278&t=1508233127824&s_t=1508233130135&s_from=result_up&htprequery=c&keyword=%E8%87%80%E6%A8%A1&forceProtocol=http:371)
  execCb (http://m.sogo.com/js/common/require.min.v2.1.20.js:1)
  check (http://m.sogo.com/js/common/require.min.v2.1.20.js:1)
  (anonymous function) (http://m.sogo.com/js/common/require.min.v2.1.20.js:1)
  (anonymous function) (http://m.sogo.com/js/common/require.min.v2.1.20.js:1)
  (anonymous function) (http://m.sogo.com/js/common/require.min.v2.1.20.js:1)
  v (http://m.sogo.com/js/common/require.min.v2.1.20.js:1)
  emit (http://m.sogo.com/js/common/require.min.v2.1.20.js:1)
  check (http://m.sogo.com/js/common/require.min.v2.1.20.js:1)
  enable (http://m.sogo.com/js/common/require.min.v2.1.20.js:1)
  init (http://m.sogo.com/js/common/require.min.v2.1.20.js:1)
  p (http://m.sogo.com/js/common/require.min.v2.1.20.js:1)
  completeLoad (http://m.sogo.com/js/common/require.min.v2.1.20.js:1)
  onScriptLoad (http://m.sogo.com/js/common/require.min.v2.1.20.js:1)

  phantomjs://platform/console++.js:263 in error
[ERROR - 2017-10-26T02:57:13.802Z] Session [fce3cb50-b9f6-11e7-9e4d-ab7d55985cb8] - page.onError - msg: TypeError: undefined is not a constructor (evaluating 'vr')

  phantomjs://platform/console++.js:263 in error
[ERROR - 2017-10-26T02:57:13.803Z] Session [fce3cb50-b9f6-11e7-9e4d-ab7d55985cb8] - page.onError - stack:
  (anonymous function) (http://m.sogo.com/web/searchList.jsp?uID=V5npvumGTk-3uIl0&v=5&dp=1&w=1278&t=1508233127824&s_t=1508233130135&s_from=result_up&htprequery=c&keyword=%E5%8D%B0%E5%BA%A6%E5%B0%91%E5%A5%B3%E8%A2%AB%E8%BF%AB%E5%8F%97%E6%89%93&forceProtocol=http:111)
  execCb (http://m.sogo.com/js/common/require.min.v2.1.20.js:1)
  check (http://m.sogo.com/js/common/require.min.v2.1.20.js:1)
  (anonymous function) (http://m.sogo.com/js/common/require.min.v2.1.20.js:1)
  (anonymous function) (http://m.sogo.com/js/common/require.min.v2.1.20.js:1)
  (anonymous function) (http://m.sogo.com/js/common/require.min.v2.1.20.js:1)
  v (http://m.sogo.com/js/common/require.min.v2.1.20.js:1)
  emit (http://m.sogo.com/js/common/require.min.v2.1.20.js:1)
  check (http://m.sogo.com/js/common/require.min.v2.1.20.js:1)
  enable (http://m.sogo.com/js/common/require.min.v2.1.20.js:1)
  init (http://m.sogo.com/js/common/require.min.v2.1.20.js:1)
  p (http://m.sogo.com/js/common/require.min.v2.1.20.js:1)
  completeLoad (http://m.sogo.com/js/common/require.min.v2.1.20.js:1)
  onScriptLoad (http://m.sogo.com/js/common/require.min.v2.1.20.js:1)

  phantomjs://platform/console++.js:263 in error
[ERROR - 2017-10-26T02:57:41.246Z] Session [fce3cb50-b9f6-11e7-9e4d-ab7d55985cb8] - page.onError - msg: TypeError: undefined is not a constructor (evaluating 'vr')

  phantomjs://platform/console++.js:263 in error
[ERROR - 2017-10-26T02:57:41.246Z] Session [fce3cb50-b9f6-11e7-9e4d-ab7d55985cb8] - page.onError - stack:
  (anonymous function) (http://m.sogo.com/web/searchList.jsp?uID=V5npvumGTk-3uIl0&v=5&dp=1&w=1278&t=1508233127824&s_t=1508233130135&s_from=result_up&htprequery=c&keyword=%E9%82%AA%E6%81%B6&forceProtocol=http:218)
  execCb (http://m.sogo.com/js/common/require.min.v2.1.20.js:1)
  check (http://m.sogo.com/js/common/require.min.v2.1.20.js:1)
  (anonymous function) (http://m.sogo.com/js/common/require.min.v2.1.20.js:1)
  (anonymous function) (http://m.sogo.com/js/common/require.min.v2.1.20.js:1)
  (anonymous function) (http://m.sogo.com/js/common/require.min.v2.1.20.js:1)
  v (http://m.sogo.com/js/common/require.min.v2.1.20.js:1)
  emit (http://m.sogo.com/js/common/require.min.v2.1.20.js:1)
  check (http://m.sogo.com/js/common/require.min.v2.1.20.js:1)
  enable (http://m.sogo.com/js/common/require.min.v2.1.20.js:1)
  init (http://m.sogo.com/js/common/require.min.v2.1.20.js:1)
  p (http://m.sogo.com/js/common/require.min.v2.1.20.js:1)
  completeLoad (http://m.sogo.com/js/common/require.min.v2.1.20.js:1)
  onScriptLoad (http://m.sogo.com/js/common/require.min.v2.1.20.js:1)

  phantomjs://platform/console++.js:263 in error
[INFO  - 2017-10-26T03:00:10.789Z] SessionManagerReqHand - _cleanupWindowlessSessions - Asynchronous Sessions clean-up phase starting NOW
[ERROR - 2017-10-26T03:00:24.073Z] Session [fce3cb50-b9f6-11e7-9e4d-ab7d55985cb8] - page.onError - msg: TypeError: undefined is not a constructor (evaluating 'vr')

  phantomjs://platform/console++.js:263 in error
[ERROR - 2017-10-26T03:00:24.074Z] Session [fce3cb50-b9f6-11e7-9e4d-ab7d55985cb8] - page.onError - stack:
  (anonymous function) (http://m.sogo.com/web/searchList.jsp?uID=V5npvumGTk-3uIl0&v=5&dp=1&w=1278&t=1508233127824&s_t=1508233130135&s_from=result_up&htprequery=c&keyword=%E9%87%91%E7%93%B6%E6%A2%85&forceProtocol=http:542)
  execCb (http://m.sogo.com/js/common/require.min.v2.1.20.js:1)
  check (http://m.sogo.com/js/common/require.min.v2.1.20.js:1)
  (anonymous function) (http://m.sogo.com/js/common/require.min.v2.1.20.js:1)
  (anonymous function) (http://m.sogo.com/js/common/require.min.v2.1.20.js:1)
  (anonymous function) (http://m.sogo.com/js/common/require.min.v2.1.20.js:1)
  v (http://m.sogo.com/js/common/require.min.v2.1.20.js:1)
  emit (http://m.sogo.com/js/common/require.min.v2.1.20.js:1)
  check (http://m.sogo.com/js/common/require.min.v2.1.20.js:1)
  enable (http://m.sogo.com/js/common/require.min.v2.1.20.js:1)
  init (http://m.sogo.com/js/common/require.min.v2.1.20.js:1)
  p (http://m.sogo.com/js/common/require.min.v2.1.20.js:1)
  completeLoad (http://m.sogo.com/js/common/require.min.v2.1.20.js:1)
  onScriptLoad (http://m.sogo.com/js/common/require.min.v2.1.20.js:1)

  phantomjs://platform/console++.js:263 in error
[ERROR - 2017-10-26T03:02:07.667Z] Session [fce3cb50-b9f6-11e7-9e4d-ab7d55985cb8] - page.onError - msg: TypeError: undefined is not a constructor (evaluating 'vr')

  phantomjs://platform/console++.js:263 in error
[ERROR - 2017-10-26T03:02:07.668Z] Session [fce3cb50-b9f6-11e7-9e4d-ab7d55985cb8] - page.onError - stack:
  (anonymous function) (http://m.sogo.com/web/searchList.jsp?uID=V5npvumGTk-3uIl0&v=5&dp=1&w=1278&t=1508233127824&s_t=1508233130135&s_from=result_up&htprequery=c&keyword=%E8%80%BD%E7%BE%8E%E5%B0%8F%E8%AF%B4&forceProtocol=http:1010)
  execCb (http://m.sogo.com/js/common/require.min.v2.1.20.js:1)
  check (http://m.sogo.com/js/common/require.min.v2.1.20.js:1)
  (anonymous function) (http://m.sogo.com/js/common/require.min.v2.1.20.js:1)
  (anonymous function) (http://m.sogo.com/js/common/require.min.v2.1.20.js:1)
  (anonymous function) (http://m.sogo.com/js/common/require.min.v2.1.20.js:1)
  v (http://m.sogo.com/js/common/require.min.v2.1.20.js:1)
  emit (http://m.sogo.com/js/common/require.min.v2.1.20.js:1)
  check (http://m.sogo.com/js/common/require.min.v2.1.20.js:1)
  enable (http://m.sogo.com/js/common/require.min.v2.1.20.js:1)
  init (http://m.sogo.com/js/common/require.min.v2.1.20.js:1)
  p (http://m.sogo.com/js/common/require.min.v2.1.20.js:1)
  completeLoad (http://m.sogo.com/js/common/require.min.v2.1.20.js:1)
  onScriptLoad (http://m.sogo.com/js/common/require.min.v2.1.20.js:1)

  phantomjs://platform/console++.js:263 in error
[ERROR - 2017-10-26T03:04:18.671Z] Session [fce3cb50-b9f6-11e7-9e4d-ab7d55985cb8] - page.onError - msg: TypeError: undefined is not a constructor (evaluating 'vr')

  phantomjs://platform/console++.js:263 in error
[ERROR - 2017-10-26T03:04:18.671Z] Session [fce3cb50-b9f6-11e7-9e4d-ab7d55985cb8] - page.onError - stack:
  (anonymous function) (http://m.sogo.com/web/searchList.jsp?uID=V5npvumGTk-3uIl0&v=5&dp=1&w=1278&t=1508233127824&s_t=1508233130135&s_from=result_up&htprequery=c&keyword=%E4%B8%80%E4%B8%AA%E6%80%A7%E6%84%9F%E7%9A%84%E7%A7%98%E5%AF%86&forceProtocol=http:177)
  execCb (http://m.sogo.com/js/common/require.min.v2.1.20.js:1)
  check (http://m.sogo.com/js/common/require.min.v2.1.20.js:1)
  (anonymous function) (http://m.sogo.com/js/common/require.min.v2.1.20.js:1)
  (anonymous function) (http://m.sogo.com/js/common/require.min.v2.1.20.js:1)
  (anonymous function) (http://m.sogo.com/js/common/require.min.v2.1.20.js:1)
  v (http://m.sogo.com/js/common/require.min.v2.1.20.js:1)
  emit (http://m.sogo.com/js/common/require.min.v2.1.20.js:1)
  check (http://m.sogo.com/js/common/require.min.v2.1.20.js:1)
  enable (http://m.sogo.com/js/common/require.min.v2.1.20.js:1)
  init (http://m.sogo.com/js/common/require.min.v2.1.20.js:1)
  p (http://m.sogo.com/js/common/require.min.v2.1.20.js:1)
  completeLoad (http://m.sogo.com/js/common/require.min.v2.1.20.js:1)
  onScriptLoad (http://m.sogo.com/js/common/require.min.v2.1.20.js:1)

  phantomjs://platform/console++.js:263 in error
[ERROR - 2017-10-26T03:04:20.634Z] Session [fce3cb50-b9f6-11e7-9e4d-ab7d55985cb8] - page.onError - msg: TypeError: undefined is not a constructor (evaluating 'vr')

  phantomjs://platform/console++.js:263 in error
[ERROR - 2017-10-26T03:04:20.635Z] Session [fce3cb50-b9f6-11e7-9e4d-ab7d55985cb8] - page.onError - stack:
  (anonymous function) (http://m.sogo.com/web/searchList.jsp?uID=V5npvumGTk-3uIl0&v=5&dp=1&w=1278&t=1508233127824&s_t=1508233130135&s_from=result_up&htprequery=c&keyword=%E4%B8%80%E4%B8%AA%E6%80%A7%E6%84%9F%E7%9A%84%E7%A7%98%E5%AF%86&forceProtocol=http:177)
  execCb (http://m.sogo.com/js/common/require.min.v2.1.20.js:1)
  check (http://m.sogo.com/js/common/require.min.v2.1.20.js:1)
  (anonymous function) (http://m.sogo.com/js/common/require.min.v2.1.20.js:1)
  (anonymous function) (http://m.sogo.com/js/common/require.min.v2.1.20.js:1)
  (anonymous function) (http://m.sogo.com/js/common/require.min.v2.1.20.js:1)
  v (http://m.sogo.com/js/common/require.min.v2.1.20.js:1)
  emit (http://m.sogo.com/js/common/require.min.v2.1.20.js:1)
  check (http://m.sogo.com/js/common/require.min.v2.1.20.js:1)
  enable (http://m.sogo.com/js/common/require.min.v2.1.20.js:1)
  init (http://m.sogo.com/js/common/require.min.v2.1.20.js:1)
  p (http://m.sogo.com/js/common/require.min.v2.1.20.js:1)
  completeLoad (http://m.sogo.com/js/common/require.min.v2.1.20.js:1)
  onScriptLoad (http://m.sogo.com/js/common/require.min.v2.1.20.js:1)

  phantomjs://platform/console++.js:263 in error
[INFO  - 2017-10-26T03:05:10.666Z] SessionManagerReqHand - _cleanupWindowlessSessions - Asynchronous Sessions clean-up phase starting NOW
[ERROR - 2017-10-26T03:05:53.669Z] Session [fce3cb50-b9f6-11e7-9e4d-ab7d55985cb8] - page.onError - msg: TypeError: undefined is not a constructor (evaluating 'vr')

  phantomjs://platform/console++.js:263 in error
[ERROR - 2017-10-26T03:05:53.669Z] Session [fce3cb50-b9f6-11e7-9e4d-ab7d55985cb8] - page.onError - stack:
  (anonymous function) (http://m.sogo.com/web/searchList.jsp?uID=V5npvumGTk-3uIl0&v=5&dp=1&w=1278&t=1508233127824&s_t=1508233130135&s_from=result_up&htprequery=c&keyword=%E6%80%A7%E6%84%9F%E7%BE%8E%E5%A5%B3&forceProtocol=http:282)
  execCb (http://m.sogo.com/js/common/require.min.v2.1.20.js:1)
  check (http://m.sogo.com/js/common/require.min.v2.1.20.js:1)
  (anonymous function) (http://m.sogo.com/js/common/require.min.v2.1.20.js:1)
  (anonymous function) (http://m.sogo.com/js/common/require.min.v2.1.20.js:1)
  (anonymous function) (http://m.sogo.com/js/common/require.min.v2.1.20.js:1)
  v (http://m.sogo.com/js/common/require.min.v2.1.20.js:1)
  emit (http://m.sogo.com/js/common/require.min.v2.1.20.js:1)
  check (http://m.sogo.com/js/common/require.min.v2.1.20.js:1)
  enable (http://m.sogo.com/js/common/require.min.v2.1.20.js:1)
  init (http://m.sogo.com/js/common/require.min.v2.1.20.js:1)
  p (http://m.sogo.com/js/common/require.min.v2.1.20.js:1)
  completeLoad (http://m.sogo.com/js/common/require.min.v2.1.20.js:1)
  onScriptLoad (http://m.sogo.com/js/common/require.min.v2.1.20.js:1)

  phantomjs://platform/console++.js:263 in error
[ERROR - 2017-10-26T03:07:56.296Z] Session [fce3cb50-b9f6-11e7-9e4d-ab7d55985cb8] - page.onError - msg: TypeError: undefined is not a constructor (evaluating 'vr')

  phantomjs://platform/console++.js:263 in error
[ERROR - 2017-10-26T03:07:56.296Z] Session [fce3cb50-b9f6-11e7-9e4d-ab7d55985cb8] - page.onError - stack:
  (anonymous function) (http://m.sogo.com/web/searchList.jsp?uID=V5npvumGTk-3uIl0&v=5&dp=1&w=1278&t=1508233127824&s_t=1508233130135&s_from=result_up&htprequery=c&keyword=13567698281&forceProtocol=http:244)
  execCb (http://m.sogo.com/js/common/require.min.v2.1.20.js:1)
  check (http://m.sogo.com/js/common/require.min.v2.1.20.js:1)
  (anonymous function) (http://m.sogo.com/js/common/require.min.v2.1.20.js:1)
  (anonymous function) (http://m.sogo.com/js/common/require.min.v2.1.20.js:1)
  (anonymous function) (http://m.sogo.com/js/common/require.min.v2.1.20.js:1)
  v (http://m.sogo.com/js/common/require.min.v2.1.20.js:1)
  emit (http://m.sogo.com/js/common/require.min.v2.1.20.js:1)
  check (http://m.sogo.com/js/common/require.min.v2.1.20.js:1)
  enable (http://m.sogo.com/js/common/require.min.v2.1.20.js:1)
  init (http://m.sogo.com/js/common/require.min.v2.1.20.js:1)
  p (http://m.sogo.com/js/common/require.min.v2.1.20.js:1)
  completeLoad (http://m.sogo.com/js/common/require.min.v2.1.20.js:1)
  onScriptLoad (http://m.sogo.com/js/common/require.min.v2.1.20.js:1)

  phantomjs://platform/console++.js:263 in error
[ERROR - 2017-10-26T03:07:58.144Z] Session [fce3cb50-b9f6-11e7-9e4d-ab7d55985cb8] - page.onError - msg: TypeError: undefined is not a constructor (evaluating 'vr')

  phantomjs://platform/console++.js:263 in error
[ERROR - 2017-10-26T03:07:58.144Z] Session [fce3cb50-b9f6-11e7-9e4d-ab7d55985cb8] - page.onError - stack:
  (anonymous function) (http://m.sogo.com/web/searchList.jsp?uID=V5npvumGTk-3uIl0&v=5&dp=1&w=1278&t=1508233127824&s_t=1508233130135&s_from=result_up&htprequery=c&keyword=13567698281%E5%BD%92%E5%B1%9E%E5%9C%B0&forceProtocol=http:196)
  execCb (http://m.sogo.com/js/common/require.min.v2.1.20.js:1)
  check (http://m.sogo.com/js/common/require.min.v2.1.20.js:1)
  (anonymous function) (http://m.sogo.com/js/common/require.min.v2.1.20.js:1)
  (anonymous function) (http://m.sogo.com/js/common/require.min.v2.1.20.js:1)
  (anonymous function) (http://m.sogo.com/js/common/require.min.v2.1.20.js:1)
  v (http://m.sogo.com/js/common/require.min.v2.1.20.js:1)
  emit (http://m.sogo.com/js/common/require.min.v2.1.20.js:1)
  check (http://m.sogo.com/js/common/require.min.v2.1.20.js:1)
  enable (http://m.sogo.com/js/common/require.min.v2.1.20.js:1)
  init (http://m.sogo.com/js/common/require.min.v2.1.20.js:1)
  p (http://m.sogo.com/js/common/require.min.v2.1.20.js:1)
  completeLoad (http://m.sogo.com/js/common/require.min.v2.1.20.js:1)
  onScriptLoad (http://m.sogo.com/js/common/require.min.v2.1.20.js:1)

  phantomjs://platform/console++.js:263 in error
[ERROR - 2017-10-26T03:08:24.764Z] Session [fce3cb50-b9f6-11e7-9e4d-ab7d55985cb8] - page.onError - msg: Error: Script error for: tpl18032
http://requirejs.org/docs/errors.html#scripterror

  phantomjs://platform/console++.js:263 in error
[ERROR - 2017-10-26T03:08:24.764Z] Session [fce3cb50-b9f6-11e7-9e4d-ab7d55985cb8] - page.onError - stack:
  ca (http://m.sogo.com/js/common/require.min.v2.1.20.js:1)
  j (http://m.sogo.com/js/common/require.min.v2.1.20.js:1)
  onScriptError (http://m.sogo.com/js/common/require.min.v2.1.20.js:1)

  phantomjs://platform/console++.js:263 in error
[ERROR - 2017-10-26T03:08:32.268Z] Session [fce3cb50-b9f6-11e7-9e4d-ab7d55985cb8] - page.onError - msg: TypeError: undefined is not a constructor (evaluating 'vr')

  phantomjs://platform/console++.js:263 in error
[ERROR - 2017-10-26T03:08:32.268Z] Session [fce3cb50-b9f6-11e7-9e4d-ab7d55985cb8] - page.onError - stack:
  (anonymous function) (http://m.sogo.com/web/searchList.jsp?uID=V5npvumGTk-3uIl0&v=5&dp=1&w=1278&t=1508233127824&s_t=1508233130135&s_from=result_up&htprequery=c&keyword=%E4%B8%9C%E6%96%B9%E4%BC%8A%E7%94%B8%E5%9B%AD&forceProtocol=http:503)
  execCb (http://m.sogo.com/js/common/require.min.v2.1.20.js:1)
  check (http://m.sogo.com/js/common/require.min.v2.1.20.js:1)
  (anonymous function) (http://m.sogo.com/js/common/require.min.v2.1.20.js:1)
  (anonymous function) (http://m.sogo.com/js/common/require.min.v2.1.20.js:1)
  (anonymous function) (http://m.sogo.com/js/common/require.min.v2.1.20.js:1)
  v (http://m.sogo.com/js/common/require.min.v2.1.20.js:1)
  emit (http://m.sogo.com/js/common/require.min.v2.1.20.js:1)
  check (http://m.sogo.com/js/common/require.min.v2.1.20.js:1)
  enable (http://m.sogo.com/js/common/require.min.v2.1.20.js:1)
  init (http://m.sogo.com/js/common/require.min.v2.1.20.js:1)
  p (http://m.sogo.com/js/common/require.min.v2.1.20.js:1)
  completeLoad (http://m.sogo.com/js/common/require.min.v2.1.20.js:1)
  onScriptLoad (http://m.sogo.com/js/common/require.min.v2.1.20.js:1)

  phantomjs://platform/console++.js:263 in error
[ERROR - 2017-10-26T03:08:34.925Z] Session [fce3cb50-b9f6-11e7-9e4d-ab7d55985cb8] - page.onError - msg: TypeError: undefined is not a constructor (evaluating 'vr')

  phantomjs://platform/console++.js:263 in error
[ERROR - 2017-10-26T03:08:34.925Z] Session [fce3cb50-b9f6-11e7-9e4d-ab7d55985cb8] - page.onError - stack:
  (anonymous function) (http://m.sogo.com/web/searchList.jsp?uID=V5npvumGTk-3uIl0&v=5&dp=1&w=1278&t=1508233127824&s_t=1508233130135&s_from=result_up&htprequery=c&keyword=%E4%B8%9C%E6%96%B9%E4%BC%8A%E7%94%B8%E5%9B%AD&forceProtocol=http:503)
  execCb (http://m.sogo.com/js/common/require.min.v2.1.20.js:1)
  check (http://m.sogo.com/js/common/require.min.v2.1.20.js:1)
  (anonymous function) (http://m.sogo.com/js/common/require.min.v2.1.20.js:1)
  (anonymous function) (http://m.sogo.com/js/common/require.min.v2.1.20.js:1)
  (anonymous function) (http://m.sogo.com/js/common/require.min.v2.1.20.js:1)
  v (http://m.sogo.com/js/common/require.min.v2.1.20.js:1)
  emit (http://m.sogo.com/js/common/require.min.v2.1.20.js:1)
  check (http://m.sogo.com/js/common/require.min.v2.1.20.js:1)
  enable (http://m.sogo.com/js/common/require.min.v2.1.20.js:1)
  init (http://m.sogo.com/js/common/require.min.v2.1.20.js:1)
  p (http://m.sogo.com/js/common/require.min.v2.1.20.js:1)
  completeLoad (http://m.sogo.com/js/common/require.min.v2.1.20.js:1)
  onScriptLoad (http://m.sogo.com/js/common/require.min.v2.1.20.js:1)

  phantomjs://platform/console++.js:263 in error
[ERROR - 2017-10-26T03:08:43.927Z] Session [fce3cb50-b9f6-11e7-9e4d-ab7d55985cb8] - page.onError - msg: TypeError: undefined is not a constructor (evaluating 'vr')

  phantomjs://platform/console++.js:263 in error
[ERROR - 2017-10-26T03:08:43.927Z] Session [fce3cb50-b9f6-11e7-9e4d-ab7d55985cb8] - page.onError - stack:
  (anonymous function) (http://m.sogo.com/web/searchList.jsp?uID=V5npvumGTk-3uIl0&v=5&dp=1&w=1278&t=1508233127824&s_t=1508233130135&s_from=result_up&htprequery=c&keyword=%E9%82%AA%E6%81%B6%E6%BC%AB%E7%94%BB&forceProtocol=http:2109)
  execCb (http://m.sogo.com/js/common/require.min.v2.1.20.js:1)
  check (http://m.sogo.com/js/common/require.min.v2.1.20.js:1)
  (anonymous function) (http://m.sogo.com/js/common/require.min.v2.1.20.js:1)
  (anonymous function) (http://m.sogo.com/js/common/require.min.v2.1.20.js:1)
  (anonymous function) (http://m.sogo.com/js/common/require.min.v2.1.20.js:1)
  v (http://m.sogo.com/js/common/require.min.v2.1.20.js:1)
  emit (http://m.sogo.com/js/common/require.min.v2.1.20.js:1)
  check (http://m.sogo.com/js/common/require.min.v2.1.20.js:1)
  enable (http://m.sogo.com/js/common/require.min.v2.1.20.js:1)
  init (http://m.sogo.com/js/common/require.min.v2.1.20.js:1)
  p (http://m.sogo.com/js/common/require.min.v2.1.20.js:1)
  completeLoad (http://m.sogo.com/js/common/require.min.v2.1.20.js:1)
  onScriptLoad (http://m.sogo.com/js/common/require.min.v2.1.20.js:1)

  phantomjs://platform/console++.js:263 in error
[ERROR - 2017-10-26T03:08:51.328Z] Session [fce3cb50-b9f6-11e7-9e4d-ab7d55985cb8] - page.onError - msg: TypeError: undefined is not a constructor (evaluating 'vr')

  phantomjs://platform/console++.js:263 in error
[ERROR - 2017-10-26T03:08:51.328Z] Session [fce3cb50-b9f6-11e7-9e4d-ab7d55985cb8] - page.onError - stack:
  (anonymous function) (http://m.sogo.com/web/searchList.jsp?uID=V5npvumGTk-3uIl0&v=5&dp=1&w=1278&t=1508233127824&s_t=1508233130135&s_from=result_up&htprequery=c&keyword=%E9%82%AA%E6%81%B6%E6%BC%AB%E7%94%BB%E5%A4%A7%E5%85%A8&forceProtocol=http:2083)
  execCb (http://m.sogo.com/js/common/require.min.v2.1.20.js:1)
  check (http://m.sogo.com/js/common/require.min.v2.1.20.js:1)
  (anonymous function) (http://m.sogo.com/js/common/require.min.v2.1.20.js:1)
  (anonymous function) (http://m.sogo.com/js/common/require.min.v2.1.20.js:1)
  (anonymous function) (http://m.sogo.com/js/common/require.min.v2.1.20.js:1)
  v (http://m.sogo.com/js/common/require.min.v2.1.20.js:1)
  emit (http://m.sogo.com/js/common/require.min.v2.1.20.js:1)
  check (http://m.sogo.com/js/common/require.min.v2.1.20.js:1)
  enable (http://m.sogo.com/js/common/require.min.v2.1.20.js:1)
  init (http://m.sogo.com/js/common/require.min.v2.1.20.js:1)
  p (http://m.sogo.com/js/common/require.min.v2.1.20.js:1)
  completeLoad (http://m.sogo.com/js/common/require.min.v2.1.20.js:1)
  onScriptLoad (http://m.sogo.com/js/common/require.min.v2.1.20.js:1)

  phantomjs://platform/console++.js:263 in error
[ERROR - 2017-10-26T03:09:03.075Z] Session [fce3cb50-b9f6-11e7-9e4d-ab7d55985cb8] - page.onError - msg: Error: Script error for: tpl10574
http://requirejs.org/docs/errors.html#scripterror

  phantomjs://platform/console++.js:263 in error
[ERROR - 2017-10-26T03:09:03.075Z] Session [fce3cb50-b9f6-11e7-9e4d-ab7d55985cb8] - page.onError - stack:
  ca (http://m.sogo.com/js/common/require.min.v2.1.20.js:1)
  j (http://m.sogo.com/js/common/require.min.v2.1.20.js:1)
  onScriptError (http://m.sogo.com/js/common/require.min.v2.1.20.js:1)

  phantomjs://platform/console++.js:263 in error
[INFO  - 2017-10-26T03:10:10.637Z] SessionManagerReqHand - _cleanupWindowlessSessions - Asynchronous Sessions clean-up phase starting NOW
